This is pdfTeX, Version 3.141592653-2.6-1.40.23 (TeX Live 2021) (preloaded format=pdflatex 2021.12.27)  17 SEP 2022 10:38
entering extended mode
 restricted \write18 enabled.
 %&-line parsing enabled.
**intro-to-programming-5.tex
(./intro-to-programming-5.tex
LaTeX2e <2021-11-15> patch level 1
L3 programming layer <2021-11-22>

! LaTeX Error: File `beamer.cls' not found.

Type X to quit or <RETURN> to proceed,
or enter new name. (Default extension: cls)

Enter file name: 
! Emergency stop.
<read *> 
         
l.9 \usepackage
               {pgfpages}^^M 
Here is how much of TeX's memory you used:
 29 strings out of 480313
 632 string characters out of 5897046
 290945 words of memory out of 5000000
 18002 multiletter control sequences out of 15000+600000
 403430 words of font info for 27 fonts, out of 8000000 for 9000
 14 hyphenation exceptions out of 8191
 19i,0n,29p,101b,17s stack positions out of 5000i,500n,10000p,200000b,80000s

!  ==> Fatal error occurred, no output PDF file produced!
